# JRE version: OpenJDK Runtime Environment (8.0_152-b01) (build 1.8.0_152-release-915-b01)
# Java VM: OpenJDK 64-Bit Server VM (25.152-b01 mixed mode windows-amd64 compressed oops)
Heap:
 PSYoungGen      total 183808K, used 85793K [0x00000000e0000000, 0x00000000ede00000, 0x0000000100000000)
  eden space 160256K, 47% used [0x00000000e0000000,0x00000000e4a5f8d8,0x00000000e9c80000)
  from space 23552K, 40% used [0x00000000e9c80000,0x00000000ea5e8d08,0x00000000eb380000)
  to   space 22528K, 0% used [0x00000000ec800000,0x00000000ec800000,0x00000000ede00000)
 ParOldGen       total 192000K, used 46534K [0x00000000a0000000, 0x00000000abb80000, 0x00000000e0000000)
  object space 192000K, 24% used [0x00000000a0000000,0x00000000a2d71968,0x00000000abb80000)
 Metaspace       used 64584K, capacity 68288K, committed 68352K, reserved 1107968K
  class space    used 8574K, capacity 9457K, committed 9472K, reserved 1048576K
GC Heap History (10 events):
Event: 14.088 GC heap before
{Heap before GC invocations=14 (full 2):
 PSYoungGen      total 126464K, used 62618K [0x00000000e0000000, 0x00000000eb500000, 0x0000000100000000)
  eden space 109568K, 41% used [0x00000000e0000000,0x00000000e2ca6ef0,0x00000000e6b00000)
  from space 16896K, 99% used [0x00000000e6b00000,0x00000000e7b7fbb8,0x00000000e7b80000)
  to   space 23040K, 0% used [0x00000000e9e80000,0x00000000e9e80000,0x00000000eb500000)
 ParOldGen       total 121344K, used 34400K [0x00000000a0000000, 0x00000000a7680000, 0x00000000e0000000)
  object space 121344K, 28% used [0x00000000a0000000,0x00000000a21982c0,0x00000000a7680000)
 Metaspace       used 56427K, capacity 58782K, committed 59008K, reserved 1099776K
  class space    used 7726K, capacity 8305K, committed 8320K, reserved 1048576K
Event: 14.116 GC heap after
Heap after GC invocations=14 (full 2):
 PSYoungGen      total 159744K, used 20706K [0x00000000e0000000, 0x00000000eb780000, 0x0000000100000000)
  eden space 136704K, 0% used [0x00000000e0000000,0x00000000e0000000,0x00000000e8580000)
  from space 23040K, 89% used [0x00000000e9e80000,0x00000000eb2b8a30,0x00000000eb500000)
  to   space 25600K, 0% used [0x00000000e8580000,0x00000000e8580000,0x00000000e9e80000)
 ParOldGen       total 121344K, used 34408K [0x00000000a0000000, 0x00000000a7680000, 0x00000000e0000000)
  object space 121344K, 28% used [0x00000000a0000000,0x00000000a219a2c0,0x00000000a7680000)
 Metaspace       used 56427K, capacity 58782K, committed 59008K, reserved 1099776K
  class space    used 7726K, capacity 8305K, committed 8320K, reserved 1048576K
}
Event: 14.116 GC heap before
{Heap before GC invocations=15 (full 3):
 PSYoungGen      total 159744K, used 20706K [0x00000000e0000000, 0x00000000eb780000, 0x0000000100000000)
  eden space 136704K, 0% used [0x00000000e0000000,0x00000000e0000000,0x00000000e8580000)
  from space 23040K, 89% used [0x00000000e9e80000,0x00000000eb2b8a30,0x00000000eb500000)
  to   space 25600K, 0% used [0x00000000e8580000,0x00000000e8580000,0x00000000e9e80000)
 ParOldGen       total 121344K, used 34408K [0x00000000a0000000, 0x00000000a7680000, 0x00000000e0000000)
  object space 121344K, 28% used [0x00000000a0000000,0x00000000a219a2c0,0x00000000a7680000)
 Metaspace       used 56427K, capacity 58782K, committed 59008K, reserved 1099776K
  class space    used 7726K, capacity 8305K, committed 8320K, reserved 1048576K
Event: 14.446 GC heap after
Heap after GC invocations=15 (full 3):
 PSYoungGen      total 159744K, used 0K [0x00000000e0000000, 0x00000000eb780000, 0x0000000100000000)
  eden space 136704K, 0% used [0x00000000e0000000,0x00000000e0000000,0x00000000e8580000)
  from space 23040K, 0% used [0x00000000e9e80000,0x00000000e9e80000,0x00000000eb500000)
  to   space 25600K, 0% used [0x00000000e8580000,0x00000000e8580000,0x00000000e9e80000)
 ParOldGen       total 192000K, used 46510K [0x00000000a0000000, 0x00000000abb80000, 0x00000000e0000000)
  object space 192000K, 24% used [0x00000000a0000000,0x00000000a2d6b968,0x00000000abb80000)
 Metaspace       used 56427K, capacity 58782K, committed 59008K, reserved 1099776K
  class space    used 7726K, capacity 8305K, committed 8320K, reserved 1048576K
}
Event: 25.261 GC heap before
{Heap before GC invocations=16 (full 3):
 PSYoungGen      total 159744K, used 136704K [0x00000000e0000000, 0x00000000eb780000, 0x0000000100000000)
  eden space 136704K, 100% used [0x00000000e0000000,0x00000000e8580000,0x00000000e8580000)
  from space 23040K, 0% used [0x00000000e9e80000,0x00000000e9e80000,0x00000000eb500000)
  to   space 25600K, 0% used [0x00000000e8580000,0x00000000e8580000,0x00000000e9e80000)
 ParOldGen       total 192000K, used 46510K [0x00000000a0000000, 0x00000000abb80000, 0x00000000e0000000)
  object space 192000K, 24% used [0x00000000a0000000,0x00000000a2d6b968,0x00000000abb80000)
 Metaspace       used 60729K, capacity 63478K, committed 63744K, reserved 1103872K
  class space    used 8142K, capacity 8847K, committed 8960K, reserved 1048576K
Event: 25.300 GC heap after
Heap after GC invocations=16 (full 3):
 PSYoungGen      total 162304K, used 10671K [0x00000000e0000000, 0x00000000ed180000, 0x0000000100000000)
  eden space 136704K, 0% used [0x00000000e0000000,0x00000000e0000000,0x00000000e8580000)
  from space 25600K, 41% used [0x00000000e8580000,0x00000000e8febcf8,0x00000000e9e80000)
  to   space 24576K, 0% used [0x00000000eb980000,0x00000000eb980000,0x00000000ed180000)
 ParOldGen       total 192000K, used 46518K [0x00000000a0000000, 0x00000000abb80000, 0x00000000e0000000)
  object space 192000K, 24% used [0x00000000a0000000,0x00000000a2d6d968,0x00000000abb80000)
 Metaspace       used 60729K, capacity 63478K, committed 63744K, reserved 1103872K
  class space    used 8142K, capacity 8847K, committed 8960K, reserved 1048576K
}
Event: 816.560 GC heap before
{Heap before GC invocations=17 (full 3):
 PSYoungGen      total 162304K, used 147375K [0x00000000e0000000, 0x00000000ed180000, 0x0000000100000000)
  eden space 136704K, 100% used [0x00000000e0000000,0x00000000e8580000,0x00000000e8580000)
  from space 25600K, 41% used [0x00000000e8580000,0x00000000e8febcf8,0x00000000e9e80000)
  to   space 24576K, 0% used [0x00000000eb980000,0x00000000eb980000,0x00000000ed180000)
 ParOldGen       total 192000K, used 46518K [0x00000000a0000000, 0x00000000abb80000, 0x00000000e0000000)
  object space 192000K, 24% used [0x00000000a0000000,0x00000000a2d6d968,0x00000000abb80000)
 Metaspace       used 61629K, capacity 64650K, committed 64896K, reserved 1105920K
  class space    used 8209K, capacity 9022K, committed 9088K, reserved 1048576K
Event: 816.613 GC heap after
Heap after GC invocations=17 (full 3):
 PSYoungGen      total 177664K, used 10880K [0x00000000e0000000, 0x00000000eca80000, 0x0000000100000000)
  eden space 160256K, 0% used [0x00000000e0000000,0x00000000e0000000,0x00000000e9c80000)
  from space 17408K, 62% used [0x00000000eb980000,0x00000000ec420020,0x00000000eca80000)
  to   space 23552K, 0% used [0x00000000e9c80000,0x00000000e9c80000,0x00000000eb380000)
 ParOldGen       total 192000K, used 46526K [0x00000000a0000000, 0x00000000abb80000, 0x00000000e0000000)
  object space 192000K, 24% used [0x00000000a0000000,0x00000000a2d6f968,0x00000000abb80000)
 Metaspace       used 61629K, capacity 64650K, committed 64896K, reserved 1105920K
  class space    used 8209K, capacity 9022K, committed 9088K, reserved 1048576K
}
Event: 1795.551 GC heap before
{Heap before GC invocations=18 (full 3):
 PSYoungGen      total 177664K, used 171136K [0x00000000e0000000, 0x00000000eca80000, 0x0000000100000000)
  eden space 160256K, 100% used [0x00000000e0000000,0x00000000e9c80000,0x00000000e9c80000)
  from space 17408K, 62% used [0x00000000eb980000,0x00000000ec420020,0x00000000eca80000)
  to   space 23552K, 0% used [0x00000000e9c80000,0x00000000e9c80000,0x00000000eb380000)
 ParOldGen       total 192000K, used 46526K [0x00000000a0000000, 0x00000000abb80000, 0x00000000e0000000)
  object space 192000K, 24% used [0x00000000a0000000,0x00000000a2d6f968,0x00000000abb80000)
 Metaspace       used 64054K, capacity 67596K, committed 67840K, reserved 1107968K
  class space    used 8497K, capacity 9349K, committed 9472K, reserved 1048576K
Event: 1795.568 GC heap after
Heap after GC invocations=18 (full 3):
 PSYoungGen      total 183808K, used 9635K [0x00000000e0000000, 0x00000000ede00000, 0x0000000100000000)
  eden space 160256K, 0% used [0x00000000e0000000,0x00000000e0000000,0x00000000e9c80000)
  from space 23552K, 40% used [0x00000000e9c80000,0x00000000ea5e8d08,0x00000000eb380000)
  to   space 22528K, 0% used [0x00000000ec800000,0x00000000ec800000,0x00000000ede00000)
 ParOldGen       total 192000K, used 46534K [0x00000000a0000000, 0x00000000abb80000, 0x00000000e0000000)
  object space 192000K, 24% used [0x00000000a0000000,0x00000000a2d71968,0x00000000abb80000)
 Metaspace       used 64054K, capacity 67596K, committed 67840K, reserved 1107968K
  class space    used 8497K, capacity 9349K, committed 9472K, reserved 1048576K
}

